Determining if the pthread_create exist failed with the following output:
Change Dir: /home/faamt/ros_ugv_ultron/build/CMakeFiles/CMakeTmp

Run Build Command:"/usr/bin/make" "cmTC_1025c/fast"
/usr/bin/make -f CMakeFiles/cmTC_1025c.dir/build.make CMakeFiles/cmTC_1025c.dir/build
make[1]: Entering directory '/home/faamt/ros_ugv_ultron/build/CMakeFiles/CMakeTmp'
Building C object CMakeFiles/cmTC_1025c.dir/CheckSymbolExists.c.o
/usr/bin/cc     -o CMakeFiles/cmTC_1025c.dir/CheckSymbolExists.c.o   -c /home/faamt/ros_ugv_ultron/build/CMakeFiles/CMakeTmp/CheckSymbolExists.c
Linking C executable cmTC_1025c
/usr/bin/cmake -E cmake_link_script CMakeFiles/cmTC_1025c.dir/link.txt --verbose=1
/usr/bin/cc       CMakeFiles/cmTC_1025c.dir/CheckSymbolExists.c.o  -o cmTC_1025c -rdynamic 
CMakeFiles/cmTC_1025c.dir/CheckSymbolExists.c.o: In function `main':
CheckSymbolExists.c:(.text+0x16): undefined reference to `pthread_create'
collect2: error: ld returned 1 exit status
CMakeFiles/cmTC_1025c.dir/build.make:97: recipe for target 'cmTC_1025c' failed
make[1]: *** [cmTC_1025c] Error 1
make[1]: Leaving directory '/home/faamt/ros_ugv_ultron/build/CMakeFiles/CMakeTmp'
Makefile:126: recipe for target 'cmTC_1025c/fast' failed
make: *** [cmTC_1025c/fast] Error 2

File /home/faamt/ros_ugv_ultron/build/CMakeFiles/CMakeTmp/CheckSymbolExists.c:
/* */
#include <pthread.h>

int main(int argc, char** argv)
{
  (void)argv;
#ifndef pthread_create
  return ((int*)(&pthread_create))[argc];
#else
  (void)argc;
  return 0;
#endif
}

Determining if the function pthread_create exists in the pthreads failed with the following output:
Change Dir: /home/faamt/ros_ugv_ultron/build/CMakeFiles/CMakeTmp

Run Build Command:"/usr/bin/make" "cmTC_1981d/fast"
/usr/bin/make -f CMakeFiles/cmTC_1981d.dir/build.make CMakeFiles/cmTC_1981d.dir/build
make[1]: Entering directory '/home/faamt/ros_ugv_ultron/build/CMakeFiles/CMakeTmp'
Building C object CMakeFiles/cmTC_1981d.dir/CheckFunctionExists.c.o
/usr/bin/cc    -DCHECK_FUNCTION_EXISTS=pthread_create   -o CMakeFiles/cmTC_1981d.dir/CheckFunctionExists.c.o   -c /usr/share/cmake-3.5/Modules/CheckFunctionExists.c
Linking C executable cmTC_1981d
/usr/bin/cmake -E cmake_link_script CMakeFiles/cmTC_1981d.dir/link.txt --verbose=1
/usr/bin/cc   -DCHECK_FUNCTION_EXISTS=pthread_create    CMakeFiles/cmTC_1981d.dir/CheckFunctionExists.c.o  -o cmTC_1981d -rdynamic -lpthreads 
/usr/bin/ld: cannot find -lpthreads
collect2: error: ld returned 1 exit status
CMakeFiles/cmTC_1981d.dir/build.make:97: recipe for target 'cmTC_1981d' failed
make[1]: *** [cmTC_1981d] Error 1
make[1]: Leaving directory '/home/faamt/ros_ugv_ultron/build/CMakeFiles/CMakeTmp'
Makefile:126: recipe for target 'cmTC_1981d/fast' failed
make: *** [cmTC_1981d/fast] Error 2


Determining if the Q_WS_WIN exist failed with the following output:
Change Dir: /home/faamt/ros_ugv_ultron/build/CMakeFiles/CMakeTmp

Run Build Command:"/usr/bin/make" "cmTC_69dcc/fast"
/usr/bin/make -f CMakeFiles/cmTC_69dcc.dir/build.make CMakeFiles/cmTC_69dcc.dir/build
make[1]: Entering directory '/home/faamt/ros_ugv_ultron/build/CMakeFiles/CMakeTmp'
Building CXX object CMakeFiles/cmTC_69dcc.dir/CheckSymbolExists.cxx.o
/usr/bin/c++    -I/usr/include/qt4   -o CMakeFiles/cmTC_69dcc.dir/CheckSymbolExists.cxx.o -c /home/faamt/ros_ugv_ultron/build/CMakeFiles/CMakeTmp/CheckSymbolExists.cxx
/home/faamt/ros_ugv_ultron/build/CMakeFiles/CMakeTmp/CheckSymbolExists.cxx: In function ‘int main(int, char**)’:
/home/faamt/ros_ugv_ultron/build/CMakeFiles/CMakeTmp/CheckSymbolExists.cxx:8:19: error: ‘Q_WS_WIN’ was not declared in this scope
   return ((int*)(&Q_WS_WIN))[argc];
                   ^
CMakeFiles/cmTC_69dcc.dir/build.make:65: recipe for target 'CMakeFiles/cmTC_69dcc.dir/CheckSymbolExists.cxx.o' failed
make[1]: *** [CMakeFiles/cmTC_69dcc.dir/CheckSymbolExists.cxx.o] Error 1
make[1]: Leaving directory '/home/faamt/ros_ugv_ultron/build/CMakeFiles/CMakeTmp'
Makefile:126: recipe for target 'cmTC_69dcc/fast' failed
make: *** [cmTC_69dcc/fast] Error 2

File /home/faamt/ros_ugv_ultron/build/CMakeFiles/CMakeTmp/CheckSymbolExists.cxx:
/* */
#include <QtCore/qglobal.h>

int main(int argc, char** argv)
{
  (void)argv;
#ifndef Q_WS_WIN
  return ((int*)(&Q_WS_WIN))[argc];
#else
  (void)argc;
  return 0;
#endif
}

Determining if the Q_WS_QWS exist failed with the following output:
Change Dir: /home/faamt/ros_ugv_ultron/build/CMakeFiles/CMakeTmp

Run Build Command:"/usr/bin/make" "cmTC_8d656/fast"
/usr/bin/make -f CMakeFiles/cmTC_8d656.dir/build.make CMakeFiles/cmTC_8d656.dir/build
make[1]: Entering directory '/home/faamt/ros_ugv_ultron/build/CMakeFiles/CMakeTmp'
Building CXX object CMakeFiles/cmTC_8d656.dir/CheckSymbolExists.cxx.o
/usr/bin/c++    -I/usr/include/qt4   -o CMakeFiles/cmTC_8d656.dir/CheckSymbolExists.cxx.o -c /home/faamt/ros_ugv_ultron/build/CMakeFiles/CMakeTmp/CheckSymbolExists.cxx
/home/faamt/ros_ugv_ultron/build/CMakeFiles/CMakeTmp/CheckSymbolExists.cxx: In function ‘int main(int, char**)’:
/home/faamt/ros_ugv_ultron/build/CMakeFiles/CMakeTmp/CheckSymbolExists.cxx:8:19: error: ‘Q_WS_QWS’ was not declared in this scope
   return ((int*)(&Q_WS_QWS))[argc];
                   ^
CMakeFiles/cmTC_8d656.dir/build.make:65: recipe for target 'CMakeFiles/cmTC_8d656.dir/CheckSymbolExists.cxx.o' failed
make[1]: *** [CMakeFiles/cmTC_8d656.dir/CheckSymbolExists.cxx.o] Error 1
make[1]: Leaving directory '/home/faamt/ros_ugv_ultron/build/CMakeFiles/CMakeTmp'
Makefile:126: recipe for target 'cmTC_8d656/fast' failed
make: *** [cmTC_8d656/fast] Error 2

File /home/faamt/ros_ugv_ultron/build/CMakeFiles/CMakeTmp/CheckSymbolExists.cxx:
/* */
#include <QtCore/qglobal.h>

int main(int argc, char** argv)
{
  (void)argv;
#ifndef Q_WS_QWS
  return ((int*)(&Q_WS_QWS))[argc];
#else
  (void)argc;
  return 0;
#endif
}

Determining if the Q_WS_MAC exist failed with the following output:
Change Dir: /home/faamt/ros_ugv_ultron/build/CMakeFiles/CMakeTmp

Run Build Command:"/usr/bin/make" "cmTC_50ab4/fast"
/usr/bin/make -f CMakeFiles/cmTC_50ab4.dir/build.make CMakeFiles/cmTC_50ab4.dir/build
make[1]: Entering directory '/home/faamt/ros_ugv_ultron/build/CMakeFiles/CMakeTmp'
Building CXX object CMakeFiles/cmTC_50ab4.dir/CheckSymbolExists.cxx.o
/usr/bin/c++    -I/usr/include/qt4   -o CMakeFiles/cmTC_50ab4.dir/CheckSymbolExists.cxx.o -c /home/faamt/ros_ugv_ultron/build/CMakeFiles/CMakeTmp/CheckSymbolExists.cxx
/home/faamt/ros_ugv_ultron/build/CMakeFiles/CMakeTmp/CheckSymbolExists.cxx: In function ‘int main(int, char**)’:
/home/faamt/ros_ugv_ultron/build/CMakeFiles/CMakeTmp/CheckSymbolExists.cxx:8:19: error: ‘Q_WS_MAC’ was not declared in this scope
   return ((int*)(&Q_WS_MAC))[argc];
                   ^
CMakeFiles/cmTC_50ab4.dir/build.make:65: recipe for target 'CMakeFiles/cmTC_50ab4.dir/CheckSymbolExists.cxx.o' failed
make[1]: *** [CMakeFiles/cmTC_50ab4.dir/CheckSymbolExists.cxx.o] Error 1
make[1]: Leaving directory '/home/faamt/ros_ugv_ultron/build/CMakeFiles/CMakeTmp'
Makefile:126: recipe for target 'cmTC_50ab4/fast' failed
make: *** [cmTC_50ab4/fast] Error 2

File /home/faamt/ros_ugv_ultron/build/CMakeFiles/CMakeTmp/CheckSymbolExists.cxx:
/* */
#include <QtCore/qglobal.h>

int main(int argc, char** argv)
{
  (void)argv;
#ifndef Q_WS_MAC
  return ((int*)(&Q_WS_MAC))[argc];
#else
  (void)argc;
  return 0;
#endif
}

